<?xml version="1.0" encoding="UTF-8"?>
<testng-results ignored="0" total="1" passed="1" failed="0" skipped="0">
  <reporter-output>
  </reporter-output>
  <suite started-at="2023-07-13T06:39:47 UTC" name="Default suite" finished-at="2023-07-13T06:40:42 UTC" duration-ms="55527">
    <groups>
    </groups>
    <test started-at="2023-07-13T06:39:47 UTC" name="Default test" finished-at="2023-07-13T06:40:42 UTC" duration-ms="55527">
      <class name="com.simplilearn.Medicare.AppTest">
        <test-method is-config="true" signature="begin()[pri:0, instance:com.simplilearn.Medicare.AppTest@563f38c4]" started-at="2023-07-13T06:39:47 UTC" name="begin" finished-at="2023-07-13T06:39:49 UTC" duration-ms="1951" status="PASS">
          <reporter-output>
          </reporter-output>
        </test-method> <!-- begin -->
        <test-method signature="test()[pri:0, instance:com.simplilearn.Medicare.AppTest@563f38c4]" started-at="2023-07-13T06:39:49 UTC" name="test" finished-at="2023-07-13T06:40:42 UTC" duration-ms="53409" status="PASS">
          <reporter-output>
          </reporter-output>
        </test-method> <!-- test -->
        <test-method is-config="true" signature="end()[pri:0, instance:com.simplilearn.Medicare.AppTest@563f38c4]" started-at="2023-07-13T06:40:42 UTC" name="end" finished-at="2023-07-13T06:40:42 UTC" duration-ms="121" status="PASS">
          <reporter-output>
          </reporter-output>
        </test-method> <!-- end -->
      </class> <!-- com.simplilearn.Medicare.AppTest -->
    </test> <!-- Default test -->
  </suite> <!-- Default suite -->
</testng-results>
